<?xml version="1.0" encoding="UTF-8" standalone="no" ?>
<testsuites>
  <testsuite errors="0" failures="0" name="functionTests" skipped="0" tests="3" time="0.039267">
    <testcase classname="functionTests" name="checkGetBoundsSingle" time="0.02169"/>
    <testcase classname="functionTests" name="checkGetBoundsVector" time="0.010101"/>
    <testcase classname="functionTests" name="checkGetBoundsVectorTwoArg" time="0.0074763"/>
  </testsuite>
</testsuites>
